State 0 conflicts: 1 shift/reduce


Grammar

    0 $accept: S $end

    1 S: S A
    2  | A
    3  | ε

    4 A: a


Terminals, with rules where they appear

    $end (0) 0
    error (256)
    a (258) 4


Nonterminals, with rules where they appear

    $accept (4)
        on left: 0
    S (5)
        on left: 1 2 3
        on right: 0 1
    A (6)
        on left: 4
        on right: 1 2


State 0

    0 $accept: • S $end

    a  shift, and go to state 1

    a         [reduce using rule 3 (S)]
    $default  reduce using rule 3 (S)

    S  go to state 2
    A  go to state 3


State 1

    4 A: a •

    $default  reduce using rule 4 (A)


State 2

    0 $accept: S • $end
    1 S: S • A

    $end  shift, and go to state 4
    a     shift, and go to state 1

    A  go to state 5


State 3

    2 S: A •

    $default  reduce using rule 2 (S)


State 4

    0 $accept: S $end •

    $default  accept


State 5

    1 S: S A •

    $default  reduce using rule 1 (S)
